<?xml version="1.0" encoding="UTF-8"?>
<testng-results skipped="0" failed="0" total="1" passed="1">
  <reporter-output>
  </reporter-output>
  <suite name="Suite" duration-ms="13243" started-at="2019-03-09T03:51:14Z" finished-at="2019-03-09T03:51:27Z">
    <groups>
    </groups>
    <test name="Testing support page 3" duration-ms="13243" started-at="2019-03-09T03:51:14Z" finished-at="2019-03-09T03:51:27Z">
      <class name="testScripts.Tc_Support_02">
        <test-method status="PASS" signature="initialize()[pri:0, instance:testScripts.Tc_Support_02@457e2f02]" name="initialize" is-config="true" duration-ms="256" started-at="2019-03-09T09:21:13Z" finished-at="2019-03-09T09:21:14Z">
          <reporter-output>
          </reporter-output>
        </test-method> <!-- initialize -->
        <test-method status="PASS" signature="script(java.lang.String)[pri:0, instance:testScripts.Tc_Support_02@457e2f02]" name="script" duration-ms="13223" started-at="2019-03-09T09:21:14Z" finished-at="2019-03-09T09:21:27Z">
          <params>
            <param index="0">
              <value>
                <![CDATA[ie]]>
              </value>
            </param>
          </params>
          <reporter-output>
          </reporter-output>
        </test-method> <!-- script -->
        <test-method status="PASS" signature="teardown()[pri:0, instance:testScripts.Tc_Support_02@457e2f02]" name="teardown" is-config="true" duration-ms="2470" started-at="2019-03-09T09:21:27Z" finished-at="2019-03-09T09:21:30Z">
          <reporter-output>
          </reporter-output>
        </test-method> <!-- teardown -->
      </class> <!-- testScripts.Tc_Support_02 -->
    </test> <!-- Testing support page 3 -->
  </suite> <!-- Suite -->
</testng-results>
